[0.008s] Invoking command in '/home/harsh/ros2_new/build/hello_world': CMAKE_PREFIX_PATH=/opt/ros/humble /usr/bin/cmake /home/harsh/ros2_new/src/hello_world -DCMAKE_INSTALL_PREFIX=/home/harsh/ros2_new/install/hello_world
[0.023s] -- Found ament_cmake: 1.3.10 (/opt/ros/humble/share/ament_cmake/cmake)
[0.132s] -- Found Python3: /usr/bin/python3 (found version "3.10.12") found components: Interpreter 
[0.203s] -- Found rclcpp: 16.0.10 (/opt/ros/humble/share/rclcpp/cmake)
[0.240s] -- Found rosidl_generator_c: 3.1.5 (/opt/ros/humble/share/rosidl_generator_c/cmake)
[0.244s] -- Found rosidl_adapter: 3.1.5 (/opt/ros/humble/share/rosidl_adapter/cmake)
[0.252s] -- Found rosidl_generator_cpp: 3.1.5 (/opt/ros/humble/share/rosidl_generator_cpp/cmake)
[0.263s] -- Using all available rosidl_typesupport_c: rosidl_typesupport_fastrtps_c;rosidl_typesupport_introspection_c
[0.276s] -- Using all available rosidl_typesupport_cpp: rosidl_typesupport_fastrtps_cpp;rosidl_typesupport_introspection_cpp
[0.313s] -- Found rmw_implementation_cmake: 6.1.2 (/opt/ros/humble/share/rmw_implementation_cmake/cmake)
[0.316s] -- Found rmw_fastrtps_cpp: 6.2.7 (/opt/ros/humble/share/rmw_fastrtps_cpp/cmake)
[0.400s] -- Found OpenSSL: /usr/lib/x86_64-linux-gnu/libcrypto.so (found version "3.0.2")  
[0.421s] -- Found FastRTPS: /opt/ros/humble/include  
[0.453s] -- Using RMW implementation 'rmw_fastrtps_cpp' as default
[0.461s] -- Looking for pthread.h
[0.531s] -- Looking for pthread.h - found
[0.531s] -- Performing Test CMAKE_HAVE_LIBC_PTHREAD
[0.595s] -- Performing Test CMAKE_HAVE_LIBC_PTHREAD - Success
[0.596s] -- Found Threads: TRUE  
[0.638s] -- Found ament_lint_auto: 0.12.11 (/opt/ros/humble/share/ament_lint_auto/cmake)
[0.695s] -- Added test 'cppcheck' to perform static code analysis on C / C++ code
[0.695s] -- Configured cppcheck include dirs: 
[0.695s] -- Configured cppcheck exclude dirs and/or files: 
[0.696s] -- Added test 'lint_cmake' to check CMake code style
[0.697s] -- Added test 'uncrustify' to check C / C++ code style
[0.697s] -- Configured uncrustify additional arguments: 
[0.697s] -- Added test 'xmllint' to check XML markup files
[0.698s] -- Configuring done
[0.705s] -- Generating done
[0.707s] -- Build files have been written to: /home/harsh/ros2_new/build/hello_world
[0.713s] Invoked command in '/home/harsh/ros2_new/build/hello_world' returned '0': CMAKE_PREFIX_PATH=/opt/ros/humble /usr/bin/cmake /home/harsh/ros2_new/src/hello_world -DCMAKE_INSTALL_PREFIX=/home/harsh/ros2_new/install/hello_world
[0.715s] Invoking command in '/home/harsh/ros2_new/build/hello_world': CMAKE_PREFIX_PATH=/opt/ros/humble /usr/bin/cmake --build /home/harsh/ros2_new/build/hello_world -- -j16 -l16
[0.755s] [ 50%] [32mBuilding CXX object CMakeFiles/hello_node.dir/src/helloworld.cpp.o[0m
[2.427s] [01m[K/home/harsh/ros2_new/src/hello_world/src/helloworld.cpp:19:2:[m[K [01;31m[Kerror: [m[Kexpected â€˜[01m[K;[m[Kâ€™ after class definition
[2.427s]    19 | }
[2.427s]       |  [01;31m[K^[m[K
[2.427s]       |  [32m[K;[m[K
[2.428s] [01m[K/home/harsh/ros2_new/src/hello_world/src/helloworld.cpp:[m[K In constructor â€˜[01m[KHelloWorldNode::HelloWorldNode()[m[Kâ€™:
[2.428s] [01m[K/home/harsh/ros2_new/src/hello_world/src/helloworld.cpp:9:55:[m[K [01;31m[Kerror: [m[Kclass â€˜[01m[KHelloWorldNode[m[Kâ€™ does not have any field named â€˜[01m[Kcounter[m[Kâ€™
[2.428s]     9 |         HelloWorldNode() : Node("hello_world_node") , [01;31m[Kcounter[m[K(1){
[2.428s]       |                                                       [01;31m[K^~~~~~~[m[K
[2.428s] [01m[K/home/harsh/ros2_new/src/hello_world/src/helloworld.cpp:11:30:[m[K [01;31m[Kerror: [m[Kâ€˜[01m[Ksecond[m[Kâ€™ is not a member of â€˜[01m[Kstd::chrono[m[Kâ€™; did you mean â€˜[01m[Kseconds[m[Kâ€™?
[2.428s]    11 |                 std::chrono::[01;31m[Ksecond[m[K(1),
[2.428s]       |                              [01;31m[K^~~~~~[m[K
[2.428s]       |                              [32m[Kseconds[m[K
[2.435s] In file included from [01m[K/opt/ros/humble/include/rclcpp/rclcpp/logging.hpp:24[m[K,
[2.435s]                  from [01m[K/opt/ros/humble/include/rclcpp/rclcpp/client.hpp:40[m[K,
[2.435s]                  from [01m[K/opt/ros/humble/include/rclcpp/rclcpp/callback_group.hpp:24[m[K,
[2.435s]                  from [01m[K/opt/ros/humble/include/rclcpp/rclcpp/any_executable.hpp:20[m[K,
[2.435s]                  from [01m[K/opt/ros/humble/include/rclcpp/rclcpp/memory_strategy.hpp:25[m[K,
[2.435s]                  from [01m[K/opt/ros/humble/include/rclcpp/rclcpp/memory_strategies.hpp:18[m[K,
[2.436s]                  from [01m[K/opt/ros/humble/include/rclcpp/rclcpp/executor_options.hpp:20[m[K,
[2.436s]                  from [01m[K/opt/ros/humble/include/rclcpp/rclcpp/executor.hpp:37[m[K,
[2.436s]                  from [01m[K/opt/ros/humble/include/rclcpp/rclcpp/executors/multi_threaded_executor.hpp:25[m[K,
[2.436s]                  from [01m[K/opt/ros/humble/include/rclcpp/rclcpp/executors.hpp:21[m[K,
[2.436s]                  from [01m[K/opt/ros/humble/include/rclcpp/rclcpp/rclcpp.hpp:155[m[K,
[2.436s]                  from [01m[K/home/harsh/ros2_new/src/hello_world/src/helloworld.cpp:5[m[K:
[2.436s] [01m[K/home/harsh/ros2_new/src/hello_world/src/helloworld.cpp:[m[K In member function â€˜[01m[Kvoid HelloWorldNode::print_hello()[m[Kâ€™:
[2.436s] [01m[K/home/harsh/ros2_new/src/hello_world/src/helloworld.cpp:17:64:[m[K [01;31m[Kerror: [m[Kâ€˜[01m[Kcounter_[m[Kâ€™ was not declared in this scope
[2.436s]    17 |          RCLCPP_INFO(this->get_logger(), "Hello, World %d", [01;31m[Kcounter_[m[K++);
[2.436s]       |                                                             [01;31m[K^~~~~~~~[m[K
[2.436s] 
[2.750s] gmake[2]: *** [CMakeFiles/hello_node.dir/build.make:76: CMakeFiles/hello_node.dir/src/helloworld.cpp.o] Error 1
[2.750s] gmake[1]: *** [CMakeFiles/Makefile2:137: CMakeFiles/hello_node.dir/all] Error 2
[2.751s] gmake: *** [Makefile:146: all] Error 2
[2.754s] Invoked command in '/home/harsh/ros2_new/build/hello_world' returned '2': CMAKE_PREFIX_PATH=/opt/ros/humble /usr/bin/cmake --build /home/harsh/ros2_new/build/hello_world -- -j16 -l16
