[35m[1mConsolidate compiler generated dependencies of target hello_node[0m
[ 50%] [32mBuilding CXX object CMakeFiles/hello_node.dir/src/helloworld.cpp.o[0m
[01m[K/home/harsh/ros2_new/src/hello_world/src/helloworld.cpp:20:2:[m[K [01;31m[Kerror: [m[Kexpected â€˜[01m[K;[m[Kâ€™ after class definition
   20 | }
      |  [01;31m[K^[m[K
      |  [32m[K;[m[K
[01m[K/home/harsh/ros2_new/src/hello_world/src/helloworld.cpp:[m[K In constructor â€˜[01m[KHelloWorldNode::HelloWorldNode()[m[Kâ€™:
[01m[K/home/harsh/ros2_new/src/hello_world/src/helloworld.cpp:11:30:[m[K [01;31m[Kerror: [m[Kâ€˜[01m[Ksecond[m[Kâ€™ is not a member of â€˜[01m[Kstd::chrono[m[Kâ€™; did you mean â€˜[01m[Kseconds[m[Kâ€™?
   11 |                 std::chrono::[01;31m[Ksecond[m[K(1),
      |                              [01;31m[K^~~~~~[m[K
      |                              [32m[Kseconds[m[K
gmake[2]: *** [CMakeFiles/hello_node.dir/build.make:76: CMakeFiles/hello_node.dir/src/helloworld.cpp.o] Error 1
gmake[1]: *** [CMakeFiles/Makefile2:137: CMakeFiles/hello_node.dir/all] Error 2
gmake: *** [Makefile:146: all] Error 2
