[01m[K/home/harsh/ros2_new/src/hello_world/src/helloworld.cpp:21:2:[m[K [01;31m[Kerror: [m[Kexpected â€˜[01m[K;[m[Kâ€™ after class definition
   21 | }
      |  [01;31m[K^[m[K
      |  [32m[K;[m[K
[01m[K/home/harsh/ros2_new/src/hello_world/src/helloworld.cpp:[m[K In constructor â€˜[01m[KHelloWorldNode::HelloWorldNode()[m[Kâ€™:
[01m[K/home/harsh/ros2_new/src/hello_world/src/helloworld.cpp:12:62:[m[K [01;31m[Kerror: [m[Kexpected â€˜[01m[K)[m[Kâ€™ before â€˜[01m[K;[m[Kâ€™ token
   12 |                 std::bind(&HelloWorldNode::print_hello, this)[01;31m[K;[m[K
      |                                                              [01;31m[K^[m[K
[01m[K/home/harsh/ros2_new/src/hello_world/src/helloworld.cpp:10:46:[m[K [01;36m[Knote: [m[Kto match this â€˜[01m[K([m[Kâ€™
   10 |             timer_t = this->create_wall_timer[01;36m[K([m[K
      |                                              [01;36m[K^[m[K
[01m[K/home/harsh/ros2_new/src/hello_world/src/helloworld.cpp:13:13:[m[K [01;31m[Kerror: [m[Kexpected primary-expression before â€˜[01m[K)[m[Kâ€™ token
   13 |             [01;31m[K)[m[K
      |             [01;31m[K^[m[K
gmake[2]: *** [CMakeFiles/hello_node.dir/build.make:76: CMakeFiles/hello_node.dir/src/helloworld.cpp.o] Error 1
gmake[1]: *** [CMakeFiles/Makefile2:137: CMakeFiles/hello_node.dir/all] Error 2
gmake: *** [Makefile:146: all] Error 2
