[0.009s] Invoking command in '/home/harsh/ros2_new/build/hello_world': CMAKE_PREFIX_PATH=${CMAKE_PREFIX_PATH}:/opt/ros/humble /usr/bin/cmake --build /home/harsh/ros2_new/build/hello_world -- -j16 -l16
[0.046s] [35m[1mConsolidate compiler generated dependencies of target hello_node[0m
[0.060s] [ 50%] [32mBuilding CXX object CMakeFiles/hello_node.dir/src/helloworld.cpp.o[0m
[1.643s] [01m[K/home/harsh/ros2_new/src/hello_world/src/helloworld.cpp:[m[K In constructor â€˜[01m[KHelloWorldNode::HelloWorldNode()[m[Kâ€™:
[1.643s] [01m[K/home/harsh/ros2_new/src/hello_world/src/helloworld.cpp:15:13:[m[K [01;31m[Kerror: [m[Kexpected â€˜[01m[K)[m[Kâ€™ before â€˜[01m[Kinventory[m[Kâ€™
[1.643s]    15 |             [01;31m[Kinventory[m[K--;
[1.643s]       |             [01;31m[K^~~~~~~~~[m[K
[1.643s] [01m[K/home/harsh/ros2_new/src/hello_world/src/helloworld.cpp:12:45:[m[K [01;36m[Knote: [m[Kto match this â€˜[01m[K([m[Kâ€™
[1.643s]    12 |             timer_ = this->create_wall_timer[01;36m[K([m[K
[1.643s]       |                                             [01;36m[K^[m[K
[1.643s] [01m[K/home/harsh/ros2_new/src/hello_world/src/helloworld.cpp:16:9:[m[K [01;31m[Kerror: [m[Kexpected primary-expression before â€˜[01m[K)[m[Kâ€™ token
[1.643s]    16 |         [01;31m[K)[m[K;
[1.643s]       |         [01;31m[K^[m[K
[1.984s] gmake[2]: *** [CMakeFiles/hello_node.dir/build.make:76: CMakeFiles/hello_node.dir/src/helloworld.cpp.o] Error 1
[1.984s] gmake[1]: *** [CMakeFiles/Makefile2:137: CMakeFiles/hello_node.dir/all] Error 2
[1.984s] gmake: *** [Makefile:146: all] Error 2
[1.987s] Invoked command in '/home/harsh/ros2_new/build/hello_world' returned '2': CMAKE_PREFIX_PATH=${CMAKE_PREFIX_PATH}:/opt/ros/humble /usr/bin/cmake --build /home/harsh/ros2_new/build/hello_world -- -j16 -l16
