[35m[1mConsolidate compiler generated dependencies of target hello_node[0m
[ 50%] [32mBuilding CXX object CMakeFiles/hello_node.dir/src/helloworld.cpp.o[0m
[01m[K/home/harsh/ros2_new/src/hello_world/src/helloworld.cpp:20:2:[m[K [01;31m[Kerror: [m[Kexpected â€˜[01m[K;[m[Kâ€™ after class definition
   20 | }
      |  [01;31m[K^[m[K
      |  [32m[K;[m[K
[01m[K/home/harsh/ros2_new/src/hello_world/src/helloworld.cpp:[m[K In constructor â€˜[01m[KHelloWorldNode::HelloWorldNode()[m[Kâ€™:
[01m[K/home/harsh/ros2_new/src/hello_world/src/helloworld.cpp:10:18:[m[K [01;31m[Kerror: [m[Kassignment of function â€˜[01m[Ktime_t time(time_t*)[m[Kâ€™
   10 |             [01;31m[Ktime = this->create_wall_timer([m[K
      |             [01;31m[K~~~~~^~~~~~~~~~~~~~~~~~~~~~~~~~[m[K
   11 | [01;31m[K                std::chrono::seconds(1),[m[K
      |                 [01;31m[K~~~~~~~~~~~~~~~~~~~~~~~~[m[K
   12 | [01;31m[K                std::bind(&HelloWorldNode::print_hello, this)[m[K
      |                 [01;31m[K~~~~~~~~~~~~~~~~~~~~~~~~~~~~~~~~~~~~~~~~~~~~~[m[K
   13 | [01;31m[K            )[m[K
      |             [01;31m[K~[m[K     
gmake[2]: *** [CMakeFiles/hello_node.dir/build.make:76: CMakeFiles/hello_node.dir/src/helloworld.cpp.o] Error 1
gmake[1]: *** [CMakeFiles/Makefile2:137: CMakeFiles/hello_node.dir/all] Error 2
gmake: *** [Makefile:146: all] Error 2
