[0.008s] Invoking command in '/home/harsh/ros2_new/build/hello_world': CMAKE_PREFIX_PATH=/opt/ros/humble /usr/bin/cmake --build /home/harsh/ros2_new/build/hello_world -- -j16 -l16
[0.042s] [35m[1mConsolidate compiler generated dependencies of target hello_node[0m
[0.056s] [ 50%] [32mBuilding CXX object CMakeFiles/hello_node.dir/src/helloworld.cpp.o[0m
[1.571s] [01m[K/home/harsh/ros2_new/src/hello_world/src/helloworld.cpp:20:2:[m[K [01;31m[Kerror: [m[Kexpected â€˜[01m[K;[m[Kâ€™ after class definition
[1.571s]    20 | }
[1.571s]       |  [01;31m[K^[m[K
[1.571s]       |  [32m[K;[m[K
[1.579s] [01m[K/home/harsh/ros2_new/src/hello_world/src/helloworld.cpp:[m[K In constructor â€˜[01m[KHelloWorldNode::HelloWorldNode()[m[Kâ€™:
[1.579s] [01m[K/home/harsh/ros2_new/src/hello_world/src/helloworld.cpp:10:18:[m[K [01;31m[Kerror: [m[Kassignment of function â€˜[01m[Ktime_t time(time_t*)[m[Kâ€™
[1.579s]    10 |             [01;31m[Ktime = this->create_wall_timer([m[K
[1.580s]       |             [01;31m[K~~~~~^~~~~~~~~~~~~~~~~~~~~~~~~~[m[K
[1.580s]    11 | [01;31m[K                std::chrono::seconds(1),[m[K
[1.580s]       |                 [01;31m[K~~~~~~~~~~~~~~~~~~~~~~~~[m[K
[1.580s]    12 | [01;31m[K                std::bind(&HelloWorldNode::print_hello, this)[m[K
[1.580s]       |                 [01;31m[K~~~~~~~~~~~~~~~~~~~~~~~~~~~~~~~~~~~~~~~~~~~~~[m[K
[1.580s]    13 | [01;31m[K            )[m[K
[1.580s]       |             [01;31m[K~[m[K     
[1.903s] gmake[2]: *** [CMakeFiles/hello_node.dir/build.make:76: CMakeFiles/hello_node.dir/src/helloworld.cpp.o] Error 1
[1.903s] gmake[1]: *** [CMakeFiles/Makefile2:137: CMakeFiles/hello_node.dir/all] Error 2
[1.904s] gmake: *** [Makefile:146: all] Error 2
[1.906s] Invoked command in '/home/harsh/ros2_new/build/hello_world' returned '2': CMAKE_PREFIX_PATH=/opt/ros/humble /usr/bin/cmake --build /home/harsh/ros2_new/build/hello_world -- -j16 -l16
