[01m[K/home/harsh/ros2_new/src/cashier_system/src/bill_publisher_node.cpp:46:34:[m[K [01;31m[Kerror: [m[Kexpected â€˜[01m[K;[m[Kâ€™ at end of member declaration
   46 |     rclcpp::TimerBase::SharedPtr [01;31m[Ktimer[m[K
      |                                  [01;31m[K^~~~~[m[K
      |                                       [32m[K;[m[K
[01m[K/home/harsh/ros2_new/src/cashier_system/src/bill_publisher_node.cpp:46:39:[m[K [01;31m[Kerror: [m[Kexpected â€˜[01m[K}[m[Kâ€™ at end of input
   46 |     rclcpp::TimerBase::SharedPtr timer
      |                                       [01;31m[K^[m[K
[01m[K/home/harsh/ros2_new/src/cashier_system/src/bill_publisher_node.cpp:5:47:[m[K [01;36m[Knote: [m[Kto match this â€˜[01m[K{[m[Kâ€™
    5 | class BillPublisherNode : public rclcpp::Node [01;36m[K{[m[K
      |                                               [01;36m[K^[m[K
[01m[K/home/harsh/ros2_new/src/cashier_system/src/bill_publisher_node.cpp:[m[K In constructor â€˜[01m[KBillPublisherNode::BillPublisherNode()[m[Kâ€™:
[01m[K/home/harsh/ros2_new/src/cashier_system/src/bill_publisher_node.cpp:9:9:[m[K [01;31m[Kerror: [m[Kâ€˜[01m[Ktimer_[m[Kâ€™ was not declared in this scope; did you mean â€˜[01m[Ktimer[m[Kâ€™?
    9 |         [01;31m[Ktimer_[m[K = this->create_wall_timer(
      |         [01;31m[K^~~~~~[m[K
      |         [32m[Ktimer[m[K
[01m[K/home/harsh/ros2_new/src/cashier_system/src/bill_publisher_node.cpp:13:9:[m[K [01;31m[Kerror: [m[Kâ€˜[01m[Kquantity_[m[Kâ€™ was not declared in this scope
   13 |         [01;31m[Kquantity_[m[K = 100;  // Starting quantity of inventory
      |         [01;31m[K^~~~~~~~~[m[K
[01m[K/home/harsh/ros2_new/src/cashier_system/src/bill_publisher_node.cpp:14:9:[m[K [01;31m[Kerror: [m[Kâ€˜[01m[Kbill_number_[m[Kâ€™ was not declared in this scope
   14 |         [01;31m[Kbill_number_[m[K = 0;
      |         [01;31m[K^~~~~~~~~~~~[m[K
[01m[K/home/harsh/ros2_new/src/cashier_system/src/bill_publisher_node.cpp:[m[K In member function â€˜[01m[Kvoid BillPublisherNode::publishBill()[m[Kâ€™:
[01m[K/home/harsh/ros2_new/src/cashier_system/src/bill_publisher_node.cpp:19:13:[m[K [01;31m[Kerror: [m[Kâ€˜[01m[Kquantity_[m[Kâ€™ was not declared in this scope
   19 |         if ([01;31m[Kquantity_[m[K > 0) {
      |             [01;31m[K^~~~~~~~~[m[K
[01m[K/home/harsh/ros2_new/src/cashier_system/src/bill_publisher_node.cpp:21:13:[m[K [01;31m[Kerror: [m[Kâ€˜[01m[Kbill_number_[m[Kâ€™ was not declared in this scope
   21 |             [01;31m[Kbill_number_[m[K++;
      |             [01;31m[K^~~~~~~~~~~~[m[K
[01m[K/home/harsh/ros2_new/src/cashier_system/src/bill_publisher_node.cpp:[m[K At global scope:
[01m[K/home/harsh/ros2_new/src/cashier_system/src/bill_publisher_node.cpp:46:39:[m[K [01;31m[Kerror: [m[Kexpected unqualified-id at end of input
   46 |     rclcpp::TimerBase::SharedPtr timer
      |                                       [01;31m[K^[m[K
gmake[2]: *** [CMakeFiles/bill_publisher_node.dir/build.make:76: CMakeFiles/bill_publisher_node.dir/src/bill_publisher_node.cpp.o] Error 1
gmake[1]: *** [CMakeFiles/Makefile2:597: CMakeFiles/bill_publisher_node.dir/all] Error 2
gmake: *** [Makefile:146: all] Error 2
