[0.010s] Invoking command in '/home/harsh/ros2_new/build/cashier_system': CMAKE_PREFIX_PATH=${CMAKE_PREFIX_PATH}:/opt/ros/humble /usr/bin/cmake --build /home/harsh/ros2_new/build/cashier_system -- -j16 -l16
[0.056s] [ 10%] Built target cashier_system__cpp
[0.056s] [ 10%] Built target cashier_system__rosidl_generator_c
[0.065s] [ 10%] Built target ament_cmake_python_copy_cashier_system
[0.074s] [ 43%] Built target cashier_system__rosidl_typesupport_introspection_c
[0.074s] [ 43%] Built target cashier_system__rosidl_typesupport_cpp
[0.074s] [ 43%] Built target cashier_system__rosidl_typesupport_c
[0.074s] [ 43%] Built target cashier_system__rosidl_typesupport_fastrtps_c
[0.074s] [ 54%] Built target cashier_system__rosidl_typesupport_introspection_cpp
[0.074s] [ 59%] Built target cashier_system__rosidl_typesupport_fastrtps_cpp
[0.084s] [35m[1mConsolidate compiler generated dependencies of target bill_publisher_node[0m
[0.084s] [35m[1mConsolidate compiler generated dependencies of target cashier_node[0m
[0.095s] [ 64%] Built target bill_listener_node
[0.098s] [ 72%] [32mBuilding CXX object CMakeFiles/bill_publisher_node.dir/src/bill_publisher_node.cpp.o[0m
[0.099s] [ 72%] Built target cashier_node
[0.115s] [ 72%] Built target cashier_system
[0.135s] [ 75%] Built target cashier_system__py
[0.155s] [ 81%] Built target cashier_system__rosidl_generator_py
[0.175s] [ 91%] Built target cashier_system__rosidl_typesupport_fastrtps_c__pyext
[0.175s] [ 91%] Built target cashier_system__rosidl_typesupport_c__pyext
[0.175s] [ 97%] Built target cashier_system__rosidl_typesupport_introspection_c__pyext
[0.234s] running egg_info
[0.235s] writing cashier_system.egg-info/PKG-INFO
[0.235s] writing dependency_links to cashier_system.egg-info/dependency_links.txt
[0.235s] writing top-level names to cashier_system.egg-info/top_level.txt
[0.236s] reading manifest file 'cashier_system.egg-info/SOURCES.txt'
[0.237s] writing manifest file 'cashier_system.egg-info/SOURCES.txt'
[0.258s] [ 97%] Built target ament_cmake_python_build_cashier_system_egg
[1.684s] [01m[K/home/harsh/ros2_new/src/cashier_system/src/bill_publisher_node.cpp:46:34:[m[K [01;31m[Kerror: [m[Kexpected â€˜[01m[K;[m[Kâ€™ at end of member declaration
[1.684s]    46 |     rclcpp::TimerBase::SharedPtr [01;31m[Ktimer[m[K
[1.684s]       |                                  [01;31m[K^~~~~[m[K
[1.684s]       |                                       [32m[K;[m[K
[1.684s] [01m[K/home/harsh/ros2_new/src/cashier_system/src/bill_publisher_node.cpp:46:39:[m[K [01;31m[Kerror: [m[Kexpected â€˜[01m[K}[m[Kâ€™ at end of input
[1.684s]    46 |     rclcpp::TimerBase::SharedPtr timer
[1.684s]       |                                       [01;31m[K^[m[K
[1.684s] [01m[K/home/harsh/ros2_new/src/cashier_system/src/bill_publisher_node.cpp:5:47:[m[K [01;36m[Knote: [m[Kto match this â€˜[01m[K{[m[Kâ€™
[1.684s]     5 | class BillPublisherNode : public rclcpp::Node [01;36m[K{[m[K
[1.684s]       |                                               [01;36m[K^[m[K
[1.689s] [01m[K/home/harsh/ros2_new/src/cashier_system/src/bill_publisher_node.cpp:[m[K In constructor â€˜[01m[KBillPublisherNode::BillPublisherNode()[m[Kâ€™:
[1.689s] [01m[K/home/harsh/ros2_new/src/cashier_system/src/bill_publisher_node.cpp:9:9:[m[K [01;31m[Kerror: [m[Kâ€˜[01m[Ktimer_[m[Kâ€™ was not declared in this scope; did you mean â€˜[01m[Ktimer[m[Kâ€™?
[1.690s]     9 |         [01;31m[Ktimer_[m[K = this->create_wall_timer(
[1.690s]       |         [01;31m[K^~~~~~[m[K
[1.690s]       |         [32m[Ktimer[m[K
[1.699s] [01m[K/home/harsh/ros2_new/src/cashier_system/src/bill_publisher_node.cpp:13:9:[m[K [01;31m[Kerror: [m[Kâ€˜[01m[Kquantity_[m[Kâ€™ was not declared in this scope
[1.699s]    13 |         [01;31m[Kquantity_[m[K = 100;  // Starting quantity of inventory
[1.699s]       |         [01;31m[K^~~~~~~~~[m[K
[1.703s] [01m[K/home/harsh/ros2_new/src/cashier_system/src/bill_publisher_node.cpp:14:9:[m[K [01;31m[Kerror: [m[Kâ€˜[01m[Kbill_number_[m[Kâ€™ was not declared in this scope
[1.703s]    14 |         [01;31m[Kbill_number_[m[K = 0;
[1.703s]       |         [01;31m[K^~~~~~~~~~~~[m[K
[1.707s] [01m[K/home/harsh/ros2_new/src/cashier_system/src/bill_publisher_node.cpp:[m[K In member function â€˜[01m[Kvoid BillPublisherNode::publishBill()[m[Kâ€™:
[1.707s] [01m[K/home/harsh/ros2_new/src/cashier_system/src/bill_publisher_node.cpp:19:13:[m[K [01;31m[Kerror: [m[Kâ€˜[01m[Kquantity_[m[Kâ€™ was not declared in this scope
[1.707s]    19 |         if ([01;31m[Kquantity_[m[K > 0) {
[1.707s]       |             [01;31m[K^~~~~~~~~[m[K
[1.711s] [01m[K/home/harsh/ros2_new/src/cashier_system/src/bill_publisher_node.cpp:21:13:[m[K [01;31m[Kerror: [m[Kâ€˜[01m[Kbill_number_[m[Kâ€™ was not declared in this scope
[1.711s]    21 |             [01;31m[Kbill_number_[m[K++;
[1.711s]       |             [01;31m[K^~~~~~~~~~~~[m[K
[1.712s] [01m[K/home/harsh/ros2_new/src/cashier_system/src/bill_publisher_node.cpp:[m[K At global scope:
[1.712s] [01m[K/home/harsh/ros2_new/src/cashier_system/src/bill_publisher_node.cpp:46:39:[m[K [01;31m[Kerror: [m[Kexpected unqualified-id at end of input
[1.712s]    46 |     rclcpp::TimerBase::SharedPtr timer
[1.712s]       |                                       [01;31m[K^[m[K
[2.251s] gmake[2]: *** [CMakeFiles/bill_publisher_node.dir/build.make:76: CMakeFiles/bill_publisher_node.dir/src/bill_publisher_node.cpp.o] Error 1
[2.251s] gmake[1]: *** [CMakeFiles/Makefile2:597: CMakeFiles/bill_publisher_node.dir/all] Error 2
[2.251s] gmake: *** [Makefile:146: all] Error 2
[2.254s] Invoked command in '/home/harsh/ros2_new/build/cashier_system' returned '2': CMAKE_PREFIX_PATH=${CMAKE_PREFIX_PATH}:/opt/ros/humble /usr/bin/cmake --build /home/harsh/ros2_new/build/cashier_system -- -j16 -l16
