[  2%] Built target cashier_system__cpp
[ 10%] Built target cashier_system__rosidl_generator_c
[ 10%] Built target ament_cmake_python_copy_cashier_system
[ 27%] Built target cashier_system__rosidl_typesupport_c
[ 27%] Built target cashier_system__rosidl_typesupport_introspection_c
[ 43%] Built target cashier_system__rosidl_typesupport_fastrtps_cpp
[ 43%] Built target cashier_system__rosidl_typesupport_cpp
[ 51%] Built target cashier_system__rosidl_typesupport_introspection_cpp
[ 59%] Built target cashier_system__rosidl_typesupport_fastrtps_c
[35m[1mConsolidate compiler generated dependencies of target bill_listener_node[0m
[ 70%] Built target cashier_node
[ 70%] Built target bill_publisher_node
[ 72%] [32mBuilding CXX object CMakeFiles/bill_listener_node.dir/src/bill_listener_node.cpp.o[0m
[ 72%] Built target cashier_system
[ 75%] Built target cashier_system__py
[ 81%] Built target cashier_system__rosidl_generator_py
[ 91%] Built target cashier_system__rosidl_typesupport_introspection_c__pyext
[ 91%] Built target cashier_system__rosidl_typesupport_fastrtps_c__pyext
[ 97%] Built target cashier_system__rosidl_typesupport_c__pyext
running egg_info
writing cashier_system.egg-info/PKG-INFO
writing dependency_links to cashier_system.egg-info/dependency_links.txt
writing top-level names to cashier_system.egg-info/top_level.txt
reading manifest file 'cashier_system.egg-info/SOURCES.txt'
writing manifest file 'cashier_system.egg-info/SOURCES.txt'
[ 97%] Built target ament_cmake_python_build_cashier_system_egg
[01m[K/home/harsh/ros2_new/src/cashier_system/src/bill_listener_node.cpp:[m[K In function â€˜[01m[Kint main(int, char**)[m[Kâ€™:
[01m[K/home/harsh/ros2_new/src/cashier_system/src/bill_listener_node.cpp:51:18:[m[K [01;31m[Kerror: [m[Kâ€˜[01m[Kar[m[Kâ€™ was not declared in this scope; did you mean â€˜[01m[Kargc[m[Kâ€™?
   51 |     rclcpp::init([01;31m[Kar[m[K
      |                  [01;31m[K^~[m[K
      |                  [32m[Kargc[m[K
[01m[K/home/harsh/ros2_new/src/cashier_system/src/bill_listener_node.cpp:51:20:[m[K [01;31m[Kerror: [m[Kexpected â€˜[01m[K}[m[Kâ€™ at end of input
   51 |     rclcpp::init(ar
      |                    [01;31m[K^[m[K
[01m[K/home/harsh/ros2_new/src/cashier_system/src/bill_listener_node.cpp:50:33:[m[K [01;36m[Knote: [m[Kto match this â€˜[01m[K{[m[Kâ€™
   50 | int main(int argc, char **argv) [01;36m[K{[m[K
      |                                 [01;36m[K^[m[K
[01m[K/home/harsh/ros2_new/src/cashier_system/src/bill_listener_node.cpp:50:14:[m[K [01;35m[Kwarning: [m[Kunused parameter â€˜[01m[Kargc[m[Kâ€™ [[01;35m[K]8;;https://gcc.gnu.org/onlinedocs/gcc/Warning-Options.html#index-Wunused-parameter-Wunused-parameter]8;;[m[K]
   50 | int main([01;35m[Kint argc[m[K, char **argv) {
      |          [01;35m[K~~~~^~~~[m[K
[01m[K/home/harsh/ros2_new/src/cashier_system/src/bill_listener_node.cpp:50:27:[m[K [01;35m[Kwarning: [m[Kunused parameter â€˜[01m[Kargv[m[Kâ€™ [[01;35m[K]8;;https://gcc.gnu.org/onlinedocs/gcc/Warning-Options.html#index-Wunused-parameter-Wunused-parameter]8;;[m[K]
   50 | int main(int argc, [01;35m[Kchar **argv[m[K) {
      |                    [01;35m[K~~~~~~~^~~~[m[K
gmake[2]: *** [CMakeFiles/bill_listener_node.dir/build.make:76: CMakeFiles/bill_listener_node.dir/src/bill_listener_node.cpp.o] Error 1
gmake[1]: *** [CMakeFiles/Makefile2:651: CMakeFiles/bill_listener_node.dir/all] Error 2
gmake: *** [Makefile:146: all] Error 2
